2020-04-11 10:25:41.034 DEBUG [main] [com.Stepdefinition.PaygradeSteps] [the_user_opens_browser_and_opens_OrangeHRM_site] [com.Stepdefinition.PaygradeSteps.the_user_opens_browser_and_opens_OrangeHRM_site(PaygradeSteps.java:24)] - Chrome is launched
2020-04-11 10:25:44.580 INFO [main] [com.Stepdefinition.PaygradeSteps] [the_user_login_to_the_website] [com.Stepdefinition.PaygradeSteps.the_user_login_to_the_website(PaygradeSteps.java:32)] - User successfully logged in
2020-04-11 10:25:51.122 INFO [main] [com.Stepdefinition.PaygradeSteps] [the_user_will_add_a_new_Paygrade] [com.Stepdefinition.PaygradeSteps.the_user_will_add_a_new_Paygrade(PaygradeSteps.java:40)] - User successfully created a paygrade
2020-04-11 10:26:18.064 INFO [main] [com.Stepdefinition.PaygradeSteps] [the_user_will_delete_the_Paygrade] [com.Stepdefinition.PaygradeSteps.the_user_will_delete_the_Paygrade(PaygradeSteps.java:48)] - User successfully deleted a paygrade
2020-04-11 10:52:26.696 DEBUG [main] [com.Stepdefinition.PaygradeSteps] [the_user_opens_browser_and_opens_OrangeHRM_site] [com.Stepdefinition.PaygradeSteps.the_user_opens_browser_and_opens_OrangeHRM_site(PaygradeSteps.java:24)] - Chrome is launched
2020-04-11 10:52:30.119 INFO [main] [com.Stepdefinition.PaygradeSteps] [the_user_login_to_the_website] [com.Stepdefinition.PaygradeSteps.the_user_login_to_the_website(PaygradeSteps.java:32)] - User successfully logged in
2020-04-11 10:53:24.102 DEBUG [main] [com.Stepdefinition.PaygradeSteps] [the_user_opens_browser_and_opens_OrangeHRM_site] [com.Stepdefinition.PaygradeSteps.the_user_opens_browser_and_opens_OrangeHRM_site(PaygradeSteps.java:24)] - Chrome is launched
2020-04-11 10:53:27.544 INFO [main] [com.Stepdefinition.PaygradeSteps] [the_user_login_to_the_website] [com.Stepdefinition.PaygradeSteps.the_user_login_to_the_website(PaygradeSteps.java:32)] - User successfully logged in
2020-04-11 10:53:34.966 INFO [main] [com.Stepdefinition.PaygradeSteps] [the_user_will_add_a_new_Paygrade] [com.Stepdefinition.PaygradeSteps.the_user_will_add_a_new_Paygrade(PaygradeSteps.java:40)] - User successfully created a paygrade
2020-04-11 10:57:21.947 DEBUG [main] [com.Stepdefinition.PaygradeSteps] [the_user_opens_browser_and_opens_OrangeHRM_site] [com.Stepdefinition.PaygradeSteps.the_user_opens_browser_and_opens_OrangeHRM_site(PaygradeSteps.java:24)] - Chrome is launched
2020-04-11 10:57:25.443 INFO [main] [com.Stepdefinition.PaygradeSteps] [the_user_login_to_the_website] [com.Stepdefinition.PaygradeSteps.the_user_login_to_the_website(PaygradeSteps.java:32)] - User successfully logged in
2020-04-11 10:57:31.311 INFO [main] [com.Stepdefinition.PaygradeSteps] [the_user_will_add_a_new_Paygrade] [com.Stepdefinition.PaygradeSteps.the_user_will_add_a_new_Paygrade(PaygradeSteps.java:40)] - User successfully created a paygrade
2020-04-11 10:57:33.774 INFO [main] [com.Stepdefinition.PaygradeSteps] [the_user_will_delete_the_Paygrade] [com.Stepdefinition.PaygradeSteps.the_user_will_delete_the_Paygrade(PaygradeSteps.java:48)] - User successfully deleted a paygrade
2020-04-11 11:38:30.240 DEBUG [main] [com.Stepdefinition.OrangeHRM_Shift] [the_user_opens_browser_and_opens_OrangeHRM_website] [com.Stepdefinition.OrangeHRM_Shift.the_user_opens_browser_and_opens_OrangeHRM_website(OrangeHRM_Shift.java:24)] - Chrome is launched
2020-04-11 11:38:33.328 INFO [main] [com.Stepdefinition.OrangeHRM_Shift] [the_user_login_to_the_site] [com.Stepdefinition.OrangeHRM_Shift.the_user_login_to_the_site(OrangeHRM_Shift.java:32)] - User successfully logged in
2020-04-11 11:38:35.358 INFO [main] [com.Stepdefinition.OrangeHRM_Shift] [the_user_will_add_a_new_work_shift] [com.Stepdefinition.OrangeHRM_Shift.the_user_will_add_a_new_work_shift(OrangeHRM_Shift.java:39)] - User successfully creates a shift
2020-04-11 11:38:37.273 INFO [main] [com.Stepdefinition.OrangeHRM_Shift] [the_user_will_add_members_into_the_shift_and_user_will_nagivated_to_the_next_page] [com.Stepdefinition.OrangeHRM_Shift.the_user_will_add_members_into_the_shift_and_user_will_nagivated_to_the_next_page(OrangeHRM_Shift.java:47)] - User successfully adds members into the shift
2020-04-11 11:38:39.360 INFO [main] [com.Stepdefinition.OrangeHRM_Shift] [the_user_will_add_members_into_the_shift_and_user_will_nagivated_to_the_next_page] [com.Stepdefinition.OrangeHRM_Shift.the_user_will_add_members_into_the_shift_and_user_will_nagivated_to_the_next_page(OrangeHRM_Shift.java:50)] - User successfully deletes the shift
2020-04-11 14:26:55.806 DEBUG [main] [com.Stepdefinition.OrangeHRM_Login] [the_user_launch_the_given_application] [com.Stepdefinition.OrangeHRM_Login.the_user_launch_the_given_application(OrangeHRM_Login.java:23)] - Chrome is launched
2020-04-11 14:26:56.320 INFO [main] [com.Stepdefinition.OrangeHRM_Login] [the_user_enters_and] [com.Stepdefinition.OrangeHRM_Login.the_user_enters_and(OrangeHRM_Login.java:30)] - Username and password were entered
2020-04-11 14:27:08.353 INFO [main] [com.Stepdefinition.AssignLeave] [the_user_will_opens_browser_and_opens_OrangeHRM_site] [com.Stepdefinition.AssignLeave.the_user_will_opens_browser_and_opens_OrangeHRM_site(AssignLeave.java:22)] - Chrome is launched successfully
2020-04-11 14:27:11.598 INFO [main] [com.Stepdefinition.AssignLeave] [the_user_will_login_to_the_website] [com.Stepdefinition.AssignLeave.the_user_will_login_to_the_website(AssignLeave.java:30)] - User successfully logged in
2020-04-11 14:27:16.457 INFO [main] [com.Stepdefinition.AssignLeave] [the_user_will_enters_details_of_leave] [com.Stepdefinition.AssignLeave.the_user_will_enters_details_of_leave(AssignLeave.java:37)] - User successfully entered details of leave
2020-04-11 14:27:43.917 DEBUG [main] [com.Stepdefinition.OrangeHRM_Shift] [the_user_opens_browser_and_opens_OrangeHRM_website] [com.Stepdefinition.OrangeHRM_Shift.the_user_opens_browser_and_opens_OrangeHRM_website(OrangeHRM_Shift.java:24)] - Chrome is launched
2020-04-11 14:27:47.602 INFO [main] [com.Stepdefinition.OrangeHRM_Shift] [the_user_login_to_the_site] [com.Stepdefinition.OrangeHRM_Shift.the_user_login_to_the_site(OrangeHRM_Shift.java:32)] - User successfully logged in
2020-04-11 14:27:49.840 INFO [main] [com.Stepdefinition.OrangeHRM_Shift] [the_user_will_add_a_new_work_shift] [com.Stepdefinition.OrangeHRM_Shift.the_user_will_add_a_new_work_shift(OrangeHRM_Shift.java:39)] - User successfully creates a shift
2020-04-11 14:27:51.803 INFO [main] [com.Stepdefinition.OrangeHRM_Shift] [the_user_will_add_members_into_the_shift_and_user_will_nagivated_to_the_next_page] [com.Stepdefinition.OrangeHRM_Shift.the_user_will_add_members_into_the_shift_and_user_will_nagivated_to_the_next_page(OrangeHRM_Shift.java:47)] - User successfully adds members into the shift
2020-04-11 14:27:53.775 INFO [main] [com.Stepdefinition.OrangeHRM_Shift] [the_user_will_add_members_into_the_shift_and_user_will_nagivated_to_the_next_page] [com.Stepdefinition.OrangeHRM_Shift.the_user_will_add_members_into_the_shift_and_user_will_nagivated_to_the_next_page(OrangeHRM_Shift.java:50)] - User successfully deletes the shift
2020-04-11 14:28:02.117 DEBUG [main] [com.Stepdefinition.OrangeHRM_Login] [the_user_launches_browser_and_login_to_the_OrangeHRM_website] [com.Stepdefinition.Searchemp.the_user_launches_browser_and_login_to_the_OrangeHRM_website(Searchemp.java:21)] - Chrome is launched
2020-04-11 14:28:05.374 INFO [main] [com.Stepdefinition.OrangeHRM_Login] [the_user_launches_browser_and_login_to_the_OrangeHRM_website] [com.Stepdefinition.Searchemp.the_user_launches_browser_and_login_to_the_OrangeHRM_website(Searchemp.java:25)] - User successfully logged in
2020-04-11 14:28:07.621 INFO [main] [com.Stepdefinition.OrangeHRM_Login] [user_enters_Employee_details_to_search] [com.Stepdefinition.Searchemp.user_enters_Employee_details_to_search(Searchemp.java:33)] - User entered details of employee to search
2020-04-11 14:28:09.367 ERROR [main] [com.Stepdefinition.OrangeHRM_Login] [user_will_open_the_employee_profile_and_change_password] [com.Stepdefinition.Searchemp.user_will_open_the_employee_profile_and_change_password(Searchemp.java:40)] - Eventhough password contains 8 charecters,it showed an error
2020-04-11 14:28:16.979 DEBUG [main] [com.Stepdefinition.PaygradeSteps] [the_user_opens_browser_and_opens_OrangeHRM_site] [com.Stepdefinition.PaygradeSteps.the_user_opens_browser_and_opens_OrangeHRM_site(PaygradeSteps.java:24)] - Chrome is launched
2020-04-11 14:28:20.132 INFO [main] [com.Stepdefinition.PaygradeSteps] [the_user_login_to_the_website] [com.Stepdefinition.PaygradeSteps.the_user_login_to_the_website(PaygradeSteps.java:32)] - User successfully logged in
2020-04-11 14:28:26.417 INFO [main] [com.Stepdefinition.PaygradeSteps] [the_user_will_add_a_new_Paygrade] [com.Stepdefinition.PaygradeSteps.the_user_will_add_a_new_Paygrade(PaygradeSteps.java:40)] - User successfully created a paygrade
2020-04-11 14:28:29.082 INFO [main] [com.Stepdefinition.PaygradeSteps] [the_user_will_delete_the_Paygrade] [com.Stepdefinition.PaygradeSteps.the_user_will_delete_the_Paygrade(PaygradeSteps.java:48)] - User successfully deleted a paygrade
2020-04-11 02:01:15.797 DEBUG [main] [com.Stepdefinition.OrangeHRM_Login] [the_user_launch_the_given_application] [com.Stepdefinition.OrangeHRM_Login.the_user_launch_the_given_application(OrangeHRM_Login.java:23)] - Chrome is launched
2020-04-11 02:01:15.935 INFO [main] [com.Stepdefinition.OrangeHRM_Login] [the_user_enters_and] [com.Stepdefinition.OrangeHRM_Login.the_user_enters_and(OrangeHRM_Login.java:30)] - Username and password were entered
2020-04-11 02:01:18.920 INFO [main] [com.Stepdefinition.OrangeHRM_Login] [the_user_clicks_on_the_login_button_and_user_will_nagivated_to_the_next_page] [com.Stepdefinition.OrangeHRM_Login.the_user_clicks_on_the_login_button_and_user_will_nagivated_to_the_next_page(OrangeHRM_Login.java:38)] - User successfully logged in
2020-04-11 02:01:20.731 INFO [main] [com.Stepdefinition.OrangeHRM_Login] [the_user_will_logged_out] [com.Stepdefinition.OrangeHRM_Login.the_user_will_logged_out(OrangeHRM_Login.java:47)] - User successfully logged out
2020-04-11 03:21:26.012 DEBUG [main] [com.Stepdefinition.SkillSet] [user_launch_the_given_browser] [com.Stepdefinition.SkillSet.user_launch_the_given_browser(SkillSet.java:22)] - Chrome is launched
2020-04-11 03:21:29.651 INFO [main] [com.Stepdefinition.SkillSet] [the_user_login_to_the_home_page] [com.Stepdefinition.SkillSet.the_user_login_to_the_home_page(SkillSet.java:30)] - Username and password were entered
2020-04-11 03:21:34.507 INFO [main] [com.Stepdefinition.SkillSet] [the_user_will_add_a_new_skill] [com.Stepdefinition.SkillSet.the_user_will_add_a_new_skill(SkillSet.java:38)] - The skill is added
2020-04-11 03:21:36.262 INFO [main] [com.Stepdefinition.SkillSet] [the_user_will_delete_the_skill] [com.Stepdefinition.SkillSet.the_user_will_delete_the_skill(SkillSet.java:46)] - The skill is deleted
2020-04-11 04:41:16.786 DEBUG [main] [com.Stepdefinition.SkillSet] [user_launch_the_given_browser] [com.Stepdefinition.SkillSet.user_launch_the_given_browser(SkillSet.java:24)] - Chrome is launched
2020-04-11 04:41:20.105 INFO [main] [com.Stepdefinition.SkillSet] [the_user_login_to_the_home_page] [com.Stepdefinition.SkillSet.the_user_login_to_the_home_page(SkillSet.java:32)] - Username and password were entered
2020-04-11 04:41:24.838 INFO [main] [com.Stepdefinition.SkillSet] [the_user_will_add_a_new_skill] [com.Stepdefinition.SkillSet.the_user_will_add_a_new_skill(SkillSet.java:40)] - The skill is added
2020-04-11 04:41:26.448 INFO [main] [com.Stepdefinition.SkillSet] [the_user_will_delete_the_skill] [com.Stepdefinition.SkillSet.the_user_will_delete_the_skill(SkillSet.java:48)] - The skill is deleted
